<?xml version="1.0" encoding="UTF-8"?>
<!-- Generated by org.testng.reporters.JUnitXMLReporter -->
<testsuite hostname="WINDOWS-XP" ignored="0" tests="0" failures="0" timestamp="26 二月 2018 02:35:59 GMT" time="0.078" errors="0">
  <testcase name="@BeforeTest beforeTest" time="0.0" classname="com.test.sample.MultipleBrowserSearchTest">
    <failure type="java.lang.IllegalStateException" message="Specified firefox binary location does not exist or is not a real file: C:\Program Files\MozillaFirefox\firefox.exe">
      <![CDATA[java.lang.IllegalStateException: Specified firefox binary location does not exist or is not a real file: C:\Program Files\MozillaFirefox\firefox.exe
	at com.google.common.base.Preconditions.checkState(Preconditions.java:459)
	at org.openqa.selenium.firefox.internal.Executable.<init>(Executable.java:45)
	at org.openqa.selenium.firefox.FirefoxBinary.<init>(FirefoxBinary.java:139)
	at org.openqa.selenium.firefox.FirefoxOptions$Binary.asBinary(FirefoxOptions.java:448)
	at java.util.Optional.map(Optional.java:215)
	at org.openqa.selenium.firefox.FirefoxOptions.getBinaryOrNull(FirefoxOptions.java:222)
	at org.openqa.selenium.firefox.FirefoxOptions.getBinary(FirefoxOptions.java:218)
	at org.openqa.selenium.firefox.FirefoxDriver.toExecutor(FirefoxDriver.java:155)
	at org.openqa.selenium.firefox.FirefoxDriver.<init>(FirefoxDriver.java:120)
	at org.openqa.selenium.firefox.FirefoxDriver.<init>(FirefoxDriver.java:98)
	at com.test.sample.MultipleBrowserSearchTest.beforeTest(MultipleBrowserSearchTest.java:26)
... Removed 23 stack frames]]>
    </failure>
  </testcase> <!-- @BeforeTest beforeTest -->
  <testcase name="@AfterTest afterTest" time="0.0" classname="com.test.sample.MultipleBrowserSearchTest">
    <skipped/>
  </testcase> <!-- @AfterTest afterTest -->
</testsuite>
