<?xml version="1.0" encoding="UTF-8"?>
<!-- Generated by org.testng.reporters.JUnitXMLReporter -->
<testsuite hostname="WINDOWS-XP" ignored="8" name="Mubrower" tests="1" failures="0" timestamp="26 二月 2018 08:37:27 GMT" time="5.295" errors="0">
  <testcase name="captureScreenInCurrentWindow" time="2.499" classname="com.test.sample.SeleniumAPI"/>
  <testcase name="operateRadio" time="0.0" classname="com.test.sample.SeleniumAPI">
    <ignored/>
  </testcase> <!-- operateRadio -->
  <testcase name="test2" time="0.0" classname="com.test.sample.SeleniumAPI">
    <ignored/>
  </testcase> <!-- test2 -->
  <testcase name="operateBrowser" time="0.0" classname="com.test.sample.SeleniumAPI">
    <ignored/>
  </testcase> <!-- operateBrowser -->
  <testcase name="operateMultipleOptionDropList" time="0.0" classname="com.test.sample.SeleniumAPI">
    <ignored/>
  </testcase> <!-- operateMultipleOptionDropList -->
  <testcase name="operationDropList" time="0.0" classname="com.test.sample.SeleniumAPI">
    <ignored/>
  </testcase> <!-- operationDropList -->
  <testcase name="testSearch" time="0.0" classname="com.test.sample.SeleniumAPI">
    <ignored/>
  </testcase> <!-- testSearch -->
  <testcase name="operateEindowsProcess" time="0.0" classname="com.test.sample.SeleniumAPI">
    <ignored/>
  </testcase> <!-- operateEindowsProcess -->
  <testcase name="operateCheckBox" time="0.0" classname="com.test.sample.SeleniumAPI">
    <ignored/>
  </testcase> <!-- operateCheckBox -->
</testsuite> <!-- Mubrower -->
