<?xml version="1.0" encoding="UTF-8"?>
<!-- Generated by org.testng.reporters.JUnitXMLReporter -->
<testsuite hostname="localhost" ignored="1" name="Mubrower" tests="1" failures="0" timestamp="03 三月 2018 09:44:11 GMT" time="2.099" errors="0">
  <testcase name="testAjaxDivOption" time="1.042" classname="com.test.sample.SeleniumAPI2"/>
  <testcase name="testHandleiFrame" time="0.0" classname="com.test.sample.SeleniumAPI2">
    <ignored/>
  </testcase> <!-- testHandleiFrame -->
</testsuite> <!-- Mubrower -->
