<?xml version="1.0" encoding="UTF-8"?>
<!-- Generated by org.testng.reporters.JUnitXMLReporter -->
<testsuite hostname="WINDOWS-XP" ignored="3" name="seleniumapi" tests="1" failures="0" timestamp="26 二月 2018 02:48:15 GMT" time="6.964" errors="0">
  <testcase name="operationDropList" time="6.956" classname="com.test.sample.SeleniumAPI"/>
  <testcase name="test2" time="0.0" classname="com.test.sample.SeleniumAPI">
    <ignored/>
  </testcase> <!-- test2 -->
  <testcase name="operateBrowser" time="0.0" classname="com.test.sample.SeleniumAPI">
    <ignored/>
  </testcase> <!-- operateBrowser -->
  <testcase name="testSearch" time="0.0" classname="com.test.sample.SeleniumAPI">
    <ignored/>
  </testcase> <!-- testSearch -->
</testsuite> <!-- seleniumapi -->
