<?xml version="1.0" encoding="UTF-8"?>
<!-- Generated by org.testng.reporters.JUnitXMLReporter -->
<testsuite hostname="WINDOWS-XP" ignored="0" name="Simple example" tests="5" failures="0" timestamp="22 二月 2018 05:59:33 GMT" time="0.028" errors="0">
  <testcase name="cat" time="0.008" classname="com.test.testng.Grouping"/>
  <testcase name="dog" time="0.001" classname="com.test.testng.Grouping"/>
  <testcase name="feeder" time="0.001" classname="com.test.testng.Grouping"/>
  <testcase name="student" time="0.0" classname="com.test.testng.Grouping"/>
  <testcase name="teacher" time="0.001" classname="com.test.testng.Grouping"/>
</testsuite> <!-- Simple example -->
