<?xml version="1.0" encoding="UTF-8"?>
<!-- Generated by org.testng.reporters.JUnitXMLReporter -->
<testsuite hostname="WINDOWS-XP" ignored="0" tests="0" failures="0" timestamp="26 二月 2018 02:33:49 GMT" time="0.051" errors="0">
  <testcase name="@BeforeTest beforeTest" time="0.0" classname="com.test.sample.MultipleBrowserSearchTest">
    <failure type="java.lang.IllegalStateException" message="The driver executable does not exist: D:\XPENG\chromedriver">
      <![CDATA[java.lang.IllegalStateException: The driver executable does not exist: D:\XPENG\chromedriver
	at com.google.common.base.Preconditions.checkState(Preconditions.java:534)
	at org.openqa.selenium.remote.service.DriverService.checkExecutable(DriverService.java:136)
	at org.openqa.selenium.remote.service.DriverService.findExecutable(DriverService.java:131)
	at org.openqa.selenium.chrome.ChromeDriverService.access$0(ChromeDriverService.java:1)
	at org.openqa.selenium.chrome.ChromeDriverService$Builder.findDefaultExecutable(ChromeDriverService.java:137)
	at org.openqa.selenium.remote.service.DriverService$Builder.build(DriverService.java:339)
	at org.openqa.selenium.chrome.ChromeDriverService.createDefaultService(ChromeDriverService.java:88)
	at org.openqa.selenium.chrome.ChromeDriver.<init>(ChromeDriver.java:123)
	at com.test.sample.MultipleBrowserSearchTest.beforeTest(MultipleBrowserSearchTest.java:19)
... Removed 23 stack frames]]>
    </failure>
  </testcase> <!-- @BeforeTest beforeTest -->
  <testcase name="@AfterTest afterTest" time="0.0" classname="com.test.sample.MultipleBrowserSearchTest">
    <skipped/>
  </testcase> <!-- @AfterTest afterTest -->
</testsuite>
