<?xml version="1.0" encoding="UTF-8"?>
<testng-results skipped="0" failed="0" ignored="0" total="1" passed="1">
  <reporter-output>
  </reporter-output>
  <suite name="Default suite" duration-ms="6678" started-at="2018-02-24T15:39:41Z" finished-at="2018-02-24T15:39:48Z">
    <groups>
    </groups>
    <test name="Default test" duration-ms="6678" started-at="2018-02-24T15:39:41Z" finished-at="2018-02-24T15:39:48Z">
      <class name="com.test.testng.SeleniumAPI">
        <test-method status="PASS" signature="beforeMethod()[pri:0, instance:com.test.testng.SeleniumAPI@5c7fa833]" name="beforeMethod" is-config="true" duration-ms="1129" started-at="2018-02-24T23:39:41Z" finished-at="2018-02-24T23:39:43Z">
          <reporter-output>
          </reporter-output>
        </test-method> <!-- beforeMethod -->
        <test-method status="PASS" signature="operationDropList()[pri:0, instance:com.test.testng.SeleniumAPI@5c7fa833]" name="operationDropList" duration-ms="5531" started-at="2018-02-24T23:39:43Z" finished-at="2018-02-24T23:39:48Z">
          <reporter-output>
          </reporter-output>
        </test-method> <!-- operationDropList -->
        <test-method status="PASS" signature="afterMethod()[pri:0, instance:com.test.testng.SeleniumAPI@5c7fa833]" name="afterMethod" is-config="true" duration-ms="1" started-at="2018-02-24T23:39:48Z" finished-at="2018-02-24T23:39:48Z">
          <reporter-output>
          </reporter-output>
        </test-method> <!-- afterMethod -->
      </class> <!-- com.test.testng.SeleniumAPI -->
    </test> <!-- Default test -->
  </suite> <!-- Default suite -->
</testng-results>
