<?xml version="1.0" encoding="UTF-8"?>
<testng-results skipped="0" failed="1" ignored="0" total="4" passed="3">
  <reporter-output>
  </reporter-output>
  <suite name="Default suite" duration-ms="47320" started-at="2018-03-03T14:50:16Z" finished-at="2018-03-03T14:51:04Z">
    <groups>
    </groups>
    <test name="Default test" duration-ms="47320" started-at="2018-03-03T14:50:16Z" finished-at="2018-03-03T14:51:04Z">
      <class name="com.test.frameWork.TestDataDriverncsvFile">
        <test-method status="PASS" signature="beforeMethod()[pri:0, instance:com.test.frameWork.TestDataDriverncsvFile@46d56d67]" name="beforeMethod" is-config="true" duration-ms="2755" started-at="2018-03-03T22:50:16Z" finished-at="2018-03-03T22:50:19Z">
          <reporter-output>
          </reporter-output>
        </test-method> <!-- beforeMethod -->
        <test-method status="FAIL" signature="testSearch(java.lang.String, java.lang.String, java.lang.String)[pri:0, instance:com.test.frameWork.TestDataDriverncsvFile@46d56d67]" name="testSearch" duration-ms="4973" started-at="2018-03-03T22:50:19Z" data-provider="testData" finished-at="2018-03-03T22:50:24Z">
          <params>
            <param index="0">
              <value>
                <![CDATA[光荣之路]]>
              </value>
            </param>
            <param index="1">
              <value>
                <![CDATA[上映日期]]>
              </value>
            </param>
            <param index="2">
              <value>
                <![CDATA[2016/1/13]]>
              </value>
            </param>
          </params>
          <exception class="java.lang.AssertionError">
            <message>
              <![CDATA[expected [true] but found [false]]]>
            </message>
            <full-stacktrace>
              <![CDATA[java.lang.AssertionError: expected [true] but found [false]
	at org.testng.Assert.fail(Assert.java:94)
	at org.testng.Assert.failNotEquals(Assert.java:513)
	at org.testng.Assert.assertTrue(Assert.java:42)
	at org.testng.Assert.assertTrue(Assert.java:52)
	at com.test.frameWork.TestDataDriverncsvFile.testSearch(TestDataDriverncsvFile.java:56)
	at sun.reflect.NativeMethodAccessorImpl.invoke0(Native Method)
	at sun.reflect.NativeMethodAccessorImpl.invoke(NativeMethodAccessorImpl.java:62)
	at sun.reflect.DelegatingMethodAccessorImpl.invoke(DelegatingMethodAccessorImpl.java:43)
	at java.lang.reflect.Method.invoke(Method.java:498)
	at org.testng.internal.MethodInvocationHelper.invokeMethod(MethodInvocationHelper.java:104)
	at org.testng.internal.Invoker.invokeMethod(Invoker.java:645)
	at org.testng.internal.Invoker.invokeTestMethod(Invoker.java:851)
	at org.testng.internal.Invoker.invokeTestMethods(Invoker.java:1177)
	at org.testng.internal.TestMethodWorker.invokeTestMethods(TestMethodWorker.java:129)
	at org.testng.internal.TestMethodWorker.run(TestMethodWorker.java:112)
	at org.testng.TestRunner.privateRun(TestRunner.java:756)
	at org.testng.TestRunner.run(TestRunner.java:610)
	at org.testng.SuiteRunner.runTest(SuiteRunner.java:387)
	at org.testng.SuiteRunner.runSequentially(SuiteRunner.java:382)
	at org.testng.SuiteRunner.privateRun(SuiteRunner.java:340)
	at org.testng.SuiteRunner.run(SuiteRunner.java:289)
	at org.testng.SuiteRunnerWorker.runSuite(SuiteRunnerWorker.java:52)
	at org.testng.SuiteRunnerWorker.run(SuiteRunnerWorker.java:86)
	at org.testng.TestNG.runSuitesSequentially(TestNG.java:1293)
	at org.testng.TestNG.runSuitesLocally(TestNG.java:1218)
	at org.testng.TestNG.runSuites(TestNG.java:1133)
	at org.testng.TestNG.run(TestNG.java:1104)
	at org.testng.remote.AbstractRemoteTestNG.run(AbstractRemoteTestNG.java:132)
	at org.testng.remote.RemoteTestNG.initAndRun(RemoteTestNG.java:236)
	at org.testng.remote.RemoteTestNG.main(RemoteTestNG.java:81)
]]>
            </full-stacktrace>
          </exception> <!-- java.lang.AssertionError -->
          <reporter-output>
          </reporter-output>
        </test-method> <!-- testSearch -->
        <test-method status="PASS" signature="afterMethod()[pri:0, instance:com.test.frameWork.TestDataDriverncsvFile@46d56d67]" name="afterMethod" is-config="true" duration-ms="151" started-at="2018-03-03T22:50:24Z" finished-at="2018-03-03T22:50:24Z">
          <reporter-output>
          </reporter-output>
        </test-method> <!-- afterMethod -->
        <test-method status="PASS" signature="beforeMethod()[pri:0, instance:com.test.frameWork.TestDataDriverncsvFile@46d56d67]" name="beforeMethod" is-config="true" duration-ms="2255" started-at="2018-03-03T22:50:24Z" finished-at="2018-03-03T22:50:27Z">
          <reporter-output>
          </reporter-output>
        </test-method> <!-- beforeMethod -->
        <test-method status="PASS" signature="testSearch(java.lang.String, java.lang.String, java.lang.String)[pri:0, instance:com.test.frameWork.TestDataDriverncsvFile@46d56d67]" name="testSearch" duration-ms="24172" started-at="2018-03-03T22:50:27Z" data-provider="testData" finished-at="2018-03-03T22:50:51Z">
          <params>
            <param index="0">
              <value>
                <![CDATA[功夫]]>
              </value>
            </param>
            <param index="1">
              <value>
                <![CDATA[主演]]>
              </value>
            </param>
            <param index="2">
              <value>
                <![CDATA[周星驰]]>
              </value>
            </param>
          </params>
          <reporter-output>
          </reporter-output>
        </test-method> <!-- testSearch -->
        <test-method status="PASS" signature="afterMethod()[pri:0, instance:com.test.frameWork.TestDataDriverncsvFile@46d56d67]" name="afterMethod" is-config="true" duration-ms="99" started-at="2018-03-03T22:50:51Z" finished-at="2018-03-03T22:50:51Z">
          <reporter-output>
          </reporter-output>
        </test-method> <!-- afterMethod -->
        <test-method status="PASS" signature="beforeMethod()[pri:0, instance:com.test.frameWork.TestDataDriverncsvFile@46d56d67]" name="beforeMethod" is-config="true" duration-ms="2226" started-at="2018-03-03T22:50:51Z" finished-at="2018-03-03T22:50:53Z">
          <reporter-output>
          </reporter-output>
        </test-method> <!-- beforeMethod -->
        <test-method status="PASS" signature="testSearch(java.lang.String, java.lang.String, java.lang.String)[pri:0, instance:com.test.frameWork.TestDataDriverncsvFile@46d56d67]" name="testSearch" duration-ms="4366" started-at="2018-03-03T22:50:53Z" data-provider="testData" finished-at="2018-03-03T22:50:57Z">
          <params>
            <param index="0">
              <value>
                <![CDATA[超人]]>
              </value>
            </param>
            <param index="1">
              <value>
                <![CDATA[主演]]>
              </value>
            </param>
            <param index="2">
              <value>
                <![CDATA[克里斯托弗]]>
              </value>
            </param>
          </params>
          <reporter-output>
          </reporter-output>
        </test-method> <!-- testSearch -->
        <test-method status="PASS" signature="afterMethod()[pri:0, instance:com.test.frameWork.TestDataDriverncsvFile@46d56d67]" name="afterMethod" is-config="true" duration-ms="165" started-at="2018-03-03T22:50:57Z" finished-at="2018-03-03T22:50:58Z">
          <reporter-output>
          </reporter-output>
        </test-method> <!-- afterMethod -->
        <test-method status="PASS" signature="beforeMethod()[pri:0, instance:com.test.frameWork.TestDataDriverncsvFile@46d56d67]" name="beforeMethod" is-config="true" duration-ms="2288" started-at="2018-03-03T22:50:58Z" finished-at="2018-03-03T22:51:00Z">
          <reporter-output>
          </reporter-output>
        </test-method> <!-- beforeMethod -->
        <test-method status="PASS" signature="testSearch(java.lang.String, java.lang.String, java.lang.String)[pri:0, instance:com.test.frameWork.TestDataDriverncsvFile@46d56d67]" name="testSearch" duration-ms="3694" started-at="2018-03-03T22:51:00Z" data-provider="testData" finished-at="2018-03-03T22:51:04Z">
          <params>
            <param index="0">
              <value>
                <![CDATA[蝙蝠侠1]]>
              </value>
            </param>
            <param index="1">
              <value>
                <![CDATA[女主角]]>
              </value>
            </param>
            <param index="2">
              <value>
                <![CDATA[克尔斯滕]]>
              </value>
            </param>
          </params>
          <reporter-output>
          </reporter-output>
        </test-method> <!-- testSearch -->
        <test-method status="PASS" signature="afterMethod()[pri:0, instance:com.test.frameWork.TestDataDriverncsvFile@46d56d67]" name="afterMethod" is-config="true" duration-ms="154" started-at="2018-03-03T22:51:04Z" finished-at="2018-03-03T22:51:04Z">
          <reporter-output>
          </reporter-output>
        </test-method> <!-- afterMethod -->
      </class> <!-- com.test.frameWork.TestDataDriverncsvFile -->
    </test> <!-- Default test -->
  </suite> <!-- Default suite -->
</testng-results>
