<?xml version="1.0" encoding="UTF-8"?>
<!-- Generated by org.testng.reporters.JUnitXMLReporter -->
<testsuite hostname="localhost" ignored="11" name="Default test" tests="1" failures="1" timestamp="26 二月 2018 13:57:16 GMT" time="0.027" errors="0">
  <testcase name="dragPageElement" time="0.01" classname="com.test.sample.SeleniumAPI">
    <failure type="java.lang.NullPointerException">
      <![CDATA[java.lang.NullPointerException
	at com.test.sample.SeleniumAPI.dragPageElement(SeleniumAPI.java:262)
	at sun.reflect.NativeMethodAccessorImpl.invoke0(Native Method)
	at sun.reflect.NativeMethodAccessorImpl.invoke(NativeMethodAccessorImpl.java:62)
	at sun.reflect.DelegatingMethodAccessorImpl.invoke(DelegatingMethodAccessorImpl.java:43)
	at java.lang.reflect.Method.invoke(Method.java:498)
	at org.testng.internal.MethodInvocationHelper.invokeMethod(MethodInvocationHelper.java:104)
	at org.testng.internal.Invoker.invokeMethod(Invoker.java:645)
	at org.testng.internal.Invoker.invokeTestMethod(Invoker.java:851)
	at org.testng.internal.Invoker.invokeTestMethods(Invoker.java:1177)
	at org.testng.internal.TestMethodWorker.invokeTestMethods(TestMethodWorker.java:129)
	at org.testng.internal.TestMethodWorker.run(TestMethodWorker.java:112)
	at org.testng.TestRunner.privateRun(TestRunner.java:756)
	at org.testng.TestRunner.run(TestRunner.java:610)
	at org.testng.SuiteRunner.runTest(SuiteRunner.java:387)
	at org.testng.SuiteRunner.runSequentially(SuiteRunner.java:382)
	at org.testng.SuiteRunner.privateRun(SuiteRunner.java:340)
	at org.testng.SuiteRunner.run(SuiteRunner.java:289)
	at org.testng.SuiteRunnerWorker.runSuite(SuiteRunnerWorker.java:52)
	at org.testng.SuiteRunnerWorker.run(SuiteRunnerWorker.java:86)
	at org.testng.TestNG.runSuitesSequentially(TestNG.java:1293)
	at org.testng.TestNG.runSuitesLocally(TestNG.java:1218)
	at org.testng.TestNG.runSuites(TestNG.java:1133)
	at org.testng.TestNG.run(TestNG.java:1104)
	at org.testng.remote.AbstractRemoteTestNG.run(AbstractRemoteTestNG.java:114)
	at org.testng.remote.RemoteTestNG.initAndRun(RemoteTestNG.java:251)
	at org.testng.remote.RemoteTestNG.main(RemoteTestNG.java:77)
]]>
    </failure>
  </testcase> <!-- dragPageElement -->
  <testcase name="isElementTextPresent" time="0.0" classname="com.test.sample.SeleniumAPI">
    <ignored/>
  </testcase> <!-- isElementTextPresent -->
  <testcase name="operateRadio" time="0.0" classname="com.test.sample.SeleniumAPI">
    <ignored/>
  </testcase> <!-- operateRadio -->
  <testcase name="executeJavaScript" time="0.0" classname="com.test.sample.SeleniumAPI">
    <ignored/>
  </testcase> <!-- executeJavaScript -->
  <testcase name="test2" time="0.0" classname="com.test.sample.SeleniumAPI">
    <ignored/>
  </testcase> <!-- test2 -->
  <testcase name="operateBrowser" time="0.0" classname="com.test.sample.SeleniumAPI">
    <ignored/>
  </testcase> <!-- operateBrowser -->
  <testcase name="operateMultipleOptionDropList" time="0.0" classname="com.test.sample.SeleniumAPI">
    <ignored/>
  </testcase> <!-- operateMultipleOptionDropList -->
  <testcase name="operationDropList" time="0.0" classname="com.test.sample.SeleniumAPI">
    <ignored/>
  </testcase> <!-- operationDropList -->
  <testcase name="testSearch" time="0.0" classname="com.test.sample.SeleniumAPI">
    <ignored/>
  </testcase> <!-- testSearch -->
  <testcase name="operateEindowsProcess" time="0.0" classname="com.test.sample.SeleniumAPI">
    <ignored/>
  </testcase> <!-- operateEindowsProcess -->
  <testcase name="captureScreenInCurrentWindow" time="0.0" classname="com.test.sample.SeleniumAPI">
    <ignored/>
  </testcase> <!-- captureScreenInCurrentWindow -->
  <testcase name="operateCheckBox" time="0.0" classname="com.test.sample.SeleniumAPI">
    <ignored/>
  </testcase> <!-- operateCheckBox -->
</testsuite> <!-- Default test -->
